######### Scheduler Start Executing #########
######### Start pulling all needed images #########
 Start Time: Wed May 26 08:55:27 2021
 
All images pulled, time used : -8.884377 s

start container parsec_canneal at 1622019336591
start container parsec_dedup at 1622019336951
pause container dedup at 1622019338502
unpause container dedup at 1622019344508
pause container dedup at 1622019353172
unpause container dedup at 1622019362645
pause container dedup at 1622019368255
unpause container dedup at 1622019378562
pause container dedup at 1622019392330
unpause container dedup at 1622019404341
pause container dedup at 1622019406908
unpause container dedup at 1622019410259
pause container dedup at 1622019413329
unpause container dedup at 1622019425218
pause container dedup at 1622019434374
unpause container dedup at 1622019458110
pause container dedup at 1622019462203
unpause container dedup at 1622019470022
pause container dedup at 1622019473100
unpause container dedup at 1622019476340
pause container dedup at 1622019479423
unpause container dedup at 1622019485278
pause container dedup at 1622019490899
unpause container dedup at 1622019497413
pause container dedup at 1622019499975
unpause container dedup at 1622019509437
pause container dedup at 1622019512022
unpause container dedup at 1622019518313
pause container dedup at 1622019520923
unpause container dedup at 1622019544381
pause container dedup at 1622019551016
unpause container dedup at 1622019557019
pause container dedup at 1622019560115
unpause container dedup at 1622019566406
pause container dedup at 1622019568998
unpause container dedup at 1622019578470
pause container dedup at 1622019581044
unpause container dedup at 1622019623446
container dedup exited at 1622019626049
start container parsec_fft at 1622019626557
pause container fft at 1622019632267
unpause container fft at 1622019641293
pause container fft at 1622019644370
unpause container fft at 1622019650144
pause container fft at 1622019653228
unpause container fft at 1622019665178
pause container fft at 1622019668254
unpause container fft at 1622019671598
pause container fft at 1622019674175
unpause container fft at 1622019677418
pause container fft at 1622019682025
unpause container fft at 1622019689318
pause container fft at 1622019692390
unpause container fft at 1622019701218
pause container fft at 1622019705312
unpause container fft at 1622019707019
pause container fft at 1622019710103
unpause container fft at 1622019715986
pause container fft at 1622019719071
unpause container fft at 1622019724980
pause container fft at 1622019728058
unpause container fft at 1622019731294
pause container fft at 1622019733862
unpause container fft at 1622019737227
pause container fft at 1622019742857
container canneal exited at 1622019744536
start container parsec_freqmine at 1622019744536
unpause container fft at 1622019746218
pause container fft at 1622019749305
unpause container fft at 1622019758330
pause container fft at 1622019761927
unpause container fft at 1622019764150
pause container fft at 1622019772933
unpause container fft at 1622019791146
pause container fft at 1622019794251
unpause container fft at 1622019803197
pause container fft at 1622019812381
unpause container fft at 1622019818298
pause container fft at 1622019821887
unpause container fft at 1622019827273
pause container fft at 1622019829843
unpause container fft at 1622019842253
pause container fft at 1622019845334
unpause container fft at 1622019848294
pause container fft at 1622019850879
unpause container fft at 1622019861356
pause container fft at 1622019862460
unpause container fft at 1622019872306
pause container fft at 1622019874875
unpause container fft at 1622019884239
pause container fft at 1622019893525
unpause container fft at 1622019896259
pause container fft at 1622019899350
unpause container fft at 1622019902130
pause container fft at 1622019905215
unpause container fft at 1622019908072
pause container fft at 1622019916758
unpause container fft at 1622019944015
pause container fft at 1622019947267
unpause container fft at 1622019950138
pause container fft at 1622019953226
unpause container fft at 1622019959548
pause container fft at 1622019962130
unpause container fft at 1622019964976
pause container fft at 1622019968070
unpause container fft at 1622019980026
pause container fft at 1622019983110
unpause container fft at 1622019989426
pause container fft at 1622019991999
unpause container fft at 1622019995244
pause container fft at 1622020001395
unpause container fft at 1622020013078
pause container fft at 1622020016163
unpause container fft at 1622020043337
pause container fft at 1622020046003
unpause container fft at 1622020049258
pause container fft at 1622020051840
unpause container fft at 1622020055109
pause container fft at 1622020058192
unpause container fft at 1622020069058
pause container fft at 1622020070111
unpause container fft at 1622020085170
pause container fft at 1622020091299
container freqmine exited at 1622020111991
start container parsec_ferret at 1622020111992
unpause container fft at 1622020112621
pause container fft at 1622020115224
unpause container fft at 1622020127326
pause container fft at 1622020130399
unpause container fft at 1622020142403
pause container fft at 1622020144975
unpause container fft at 1622020153849
pause container fft at 1622020159989
unpause container fft at 1622020175132
pause container fft at 1622020178222
unpause container fft at 1622020180950
pause container fft at 1622020190163
unpause container fft at 1622020199115
pause container fft at 1622020202209
unpause container fft at 1622020220216
pause container fft at 1622020226014
unpause container fft at 1622020229291
pause container fft at 1622020237977
unpause container fft at 1622020241219
pause container fft at 1622020244353
unpause container fft at 1622020249729
pause container fft at 1622020253324
unpause container fft at 1622020265210
pause container fft at 1622020273883
unpause container fft at 1622020283343
pause container fft at 1622020286011
unpause container fft at 1622020291804
container fft exited at 1622020299943
start container parsec_blackscholes at 1622020300450
pause container blackscholes at 1622020307160
unpause container blackscholes at 1622020310416
pause container blackscholes at 1622020316104
unpause container blackscholes at 1622020322123
pause container blackscholes at 1622020325249
unpause container blackscholes at 1622020341085
pause container blackscholes at 1622020343159
unpause container blackscholes at 1622020346399
pause container blackscholes at 1622020348981
unpause container blackscholes at 1622020355364
pause container blackscholes at 1622020358457
unpause container blackscholes at 1622020367406
pause container blackscholes at 1622020369978
unpause container blackscholes at 1622020373261
pause container blackscholes at 1622020375836
unpause container blackscholes at 1622020383104
pause container blackscholes at 1622020384658
unpause container blackscholes at 1622020400106
pause container blackscholes at 1622020406235
unpause container blackscholes at 1622020424342
pause container blackscholes at 1622020427017
unpause container blackscholes at 1622020433337
pause container blackscholes at 1622020435915
unpause container blackscholes at 1622020440231
pause container blackscholes at 1622020441778
unpause container blackscholes at 1622020444903
pause container blackscholes at 1622020454090
unpause container blackscholes at 1622020466280
pause container blackscholes at 1622020468849
unpause container blackscholes at 1622020478306
pause container blackscholes at 1622020480889
unpause container blackscholes at 1622020487292
pause container blackscholes at 1622020492901
unpause container blackscholes at 1622020496266
pause container blackscholes at 1622020498838
unpause container blackscholes at 1622020511428
pause container blackscholes at 1622020517062
unpause container blackscholes at 1622020532095
pause container blackscholes at 1622020540915
unpause container blackscholes at 1622020553546
pause container blackscholes at 1622020556122
unpause container blackscholes at 1622020562419
pause container blackscholes at 1622020565568
unpause container blackscholes at 1622020569404
pause container blackscholes at 1622020571004
unpause container blackscholes at 1622020577306
pause container blackscholes at 1622020582926
unpause container blackscholes at 1622020594930
pause container blackscholes at 1622020604141
unpause container blackscholes at 1622020611449
pause container blackscholes at 1622020625208
unpause container blackscholes at 1622020640479
pause container blackscholes at 1622020643109
unpause container blackscholes at 1622020646404
pause container blackscholes at 1622020649104
unpause container blackscholes at 1622020655499
pause container blackscholes at 1622020661114
unpause container blackscholes at 1622020670269
pause container blackscholes at 1622020673410
unpause container blackscholes at 1622020688334
pause container blackscholes at 1622020697014
unpause container blackscholes at 1622020700333
pause container blackscholes at 1622020702914
unpause container blackscholes at 1622020715031
pause container blackscholes at 1622020718167
unpause container blackscholes at 1622020721401
pause container blackscholes at 1622020724187
unpause container blackscholes at 1622020727430
pause container blackscholes at 1622020729999
unpause container blackscholes at 1622020733250
pause container blackscholes at 1622020736319
unpause container blackscholes at 1622020751382
pause container blackscholes at 1622020763102
unpause container blackscholes at 1622020772121
pause container blackscholes at 1622020778403
unpause container blackscholes at 1622020781255
pause container blackscholes at 1622020786882
unpause container blackscholes at 1622020790116
pause container blackscholes at 1622020796398
unpause container blackscholes at 1622020799234
pause container blackscholes at 1622020804915
unpause container blackscholes at 1622020811445
pause container blackscholes at 1622020814215
unpause container blackscholes at 1622020826624
pause container blackscholes at 1622020829198
unpause container blackscholes at 1622020853582
pause container blackscholes at 1622020856170
unpause container blackscholes at 1622020859412
pause container blackscholes at 1622020861991
unpause container blackscholes at 1622020865440
pause container blackscholes at 1622020868011
unpause container blackscholes at 1622020871269
container ferret exited at 1622020872794
update container <Container: f1359ce59a> at 1622020873303
container blackscholes exited at 1622020954072
